<?xml version="1.0" encoding="UTF-8" ?>
<testsuite failures="0" time="0.062" errors="0" skipped="0" tests="7" name="com.appbasement.model.GroupTest">
  <properties>
[...]
</properties>
  <testcase time="0" classname="[0] Group [name=null]\u002C Group [name=null] (testEqualsHashCode)(com.appbasement.model.GroupTest)" name="[0] Group [name=null]\u002C Group [name=null] "/>
  <testcase time="0" classname="[1] Group [name=group]\u002C Group [name=group] (testEqualsHashCode)(com.appbasement.model.GroupTest)" name="[1] Group [name=group]\u002C Group [name=group] "/>
  <testcase time="0" classname="[2] Group [name=group]\u002C Group [name=group] (testEqualsHashCode)(com.appbasement.model.GroupTest)" name="[2] Group [name=group]\u002C Group [name=group] "/>
  <testcase time="0" classname="com.appbasement.model.GroupTest" name="testHashSetAccess"/>
  <testcase time="0" classname="[0] Group [name=null]\u002C null (testNotEquals)(com.appbasement.model.GroupTest)" name="[0] Group [name=null]\u002C null "/>
  <testcase time="0" classname="[1] Group [name=null]\u002C Group [name=group2] (testNotEquals)(com.appbasement.model.GroupTest)" name="[1] Group [name=null]\u002C Group [name=group2] "/>
  <testcase time="0" classname="[2] Group [name=group1]\u002C Group [name=group2] (testNotEquals)(com.appbasement.model.GroupTest)" name="[2] Group [name=group1]\u002C Group [name=group2] "/>
</testsuite>