<?xml version="1.0" encoding="UTF-8" ?>
<testsuite failures="0" time="2.25" errors="0" skipped="0" tests="23" name="com.appbasement.persistence.UserJpaDAOTest">
  <properties>
[...]
</properties>
  <testcase time="0.125" classname="[0] 1\u002C DBUnitAssertionWork (testMergeImmutable)(com.appbasement.persistence.UserJpaDAOTest)" name="[0] 1\u002C DBUnitAssertionWork "/>
  <testcase time="0.109" classname="com.appbasement.persistence.UserJpaDAOTest" name="testFindByIDNull"/>
  <testcase time="0.11" classname="[0] 5\u002C [User [username=Carson\u002C email=Vivamus.nibh.dolor@arcuiaculisenim.edu]\u002C User [username=Walker\u002C email=ac.mattis@ut.com]\u002C User [username=Risa\u002C email=ultrices.sit@et.co.uk]] (testFindAll)(com.appbasement.persistence.UserJpaDAOTest)" name="[0] 5\u002C [User [username=Carson\u002C email=Vivamus.nibh.dolor@arcuiaculisenim.edu]\u002C User [username=Walker\u002C email=ac.mattis@ut.com]\u002C User [username=Risa\u002C email=ultrices.sit@et.co.uk]] "/>
  <testcase time="0.124" classname="[0] 1\u002C DBUnitAssertionWork (testMerge)(com.appbasement.persistence.UserJpaDAOTest)" name="[0] 1\u002C DBUnitAssertionWork "/>
  <testcase time="0.111" classname="[0] 1\u002C User [username=Carson\u002C email=Vivamus.nibh.dolor@arcuiaculisenim.edu] (testFindByIdID)(com.appbasement.persistence.UserJpaDAOTest)" name="[0] 1\u002C User [username=Carson\u002C email=Vivamus.nibh.dolor@arcuiaculisenim.edu] "/>
  <testcase time="0.078" classname="[1] 3\u002C User [username=Walker\u002C email=ac.mattis@ut.com] (testFindByIdID)(com.appbasement.persistence.UserJpaDAOTest)" name="[1] 3\u002C User [username=Walker\u002C email=ac.mattis@ut.com] "/>
  <testcase time="0.093" classname="[2] 5\u002C User [username=Risa\u002C email=ultrices.sit@et.co.uk] (testFindByIdID)(com.appbasement.persistence.UserJpaDAOTest)" name="[2] 5\u002C User [username=Risa\u002C email=ultrices.sit@et.co.uk] "/>
  <testcase time="0.094" classname="[0] User [username=testuser\u002C email=testuser@dummy.com]\u002C DBUnitAssertionWork (testPersist)(com.appbasement.persistence.UserJpaDAOTest)" name="[0] User [username=testuser\u002C email=testuser@dummy.com]\u002C DBUnitAssertionWork "/>
  <testcase time="0.078" classname="com.appbasement.persistence.UserJpaDAOTest" name="testPersistNullEntity"/>
  <testcase time="0.078" classname="[0] User [username=null\u002C email=someadd@some.com] (testPersistInvalidEntity)(com.appbasement.persistence.UserJpaDAOTest)" name="[0] User [username=null\u002C email=someadd@some.com] "/>
  <testcase time="0.078" classname="[1] User [username=user1\u002C email=someadd@some.com] (testPersistInvalidEntity)(com.appbasement.persistence.UserJpaDAOTest)" name="[1] User [username=user1\u002C email=someadd@some.com] "/>
  <testcase time="0.078" classname="[2] User [username=null\u002C email=null] (testPersistInvalidEntity)(com.appbasement.persistence.UserJpaDAOTest)" name="[2] User [username=null\u002C email=null] "/>
  <testcase time="0.093" classname="[3] User [username=user\u002C email=null] (testPersistInvalidEntity)(com.appbasement.persistence.UserJpaDAOTest)" name="[3] User [username=user\u002C email=null] "/>
  <testcase time="0.078" classname="[0] 1\u002C User [username=Carson\u002C email=Vivamus.nibh.dolor@arcuiaculisenim.edu] (testGetReference)(com.appbasement.persistence.UserJpaDAOTest)" name="[0] 1\u002C User [username=Carson\u002C email=Vivamus.nibh.dolor@arcuiaculisenim.edu] "/>
  <testcase time="0.094" classname="[1] 3\u002C User [username=Walker\u002C email=ac.mattis@ut.com] (testGetReference)(com.appbasement.persistence.UserJpaDAOTest)" name="[1] 3\u002C User [username=Walker\u002C email=ac.mattis@ut.com] "/>
  <testcase time="0.078" classname="[2] 5\u002C User [username=Risa\u002C email=ultrices.sit@et.co.uk] (testGetReference)(com.appbasement.persistence.UserJpaDAOTest)" name="[2] 5\u002C User [username=Risa\u002C email=ultrices.sit@et.co.uk] "/>
  <testcase time="0.079" classname="com.appbasement.persistence.UserJpaDAOTest" name="testRemoveNull"/>
  <testcase time="0.078" classname="[0] 0 (testRemoveInvalid)(com.appbasement.persistence.UserJpaDAOTest)" name="[0] 0 "/>
  <testcase time="0.078" classname="[1] 1000 (testRemoveInvalid)(com.appbasement.persistence.UserJpaDAOTest)" name="[1] 1000 "/>
  <testcase time="0.078" classname="[2] -1000 (testRemoveInvalid)(com.appbasement.persistence.UserJpaDAOTest)" name="[2] -1000 "/>
  <testcase time="0.078" classname="[0] -10000\u002C null (testGetReferenceNotFound)(com.appbasement.persistence.UserJpaDAOTest)" name="[0] -10000\u002C null "/>
  <testcase time="0.078" classname="[1] 0\u002C null (testGetReferenceNotFound)(com.appbasement.persistence.UserJpaDAOTest)" name="[1] 0\u002C null "/>
  <testcase time="0.095" classname="[0] 1 (testRemove)(com.appbasement.persistence.UserJpaDAOTest)" name="[0] 1 "/>
</testsuite>